Drill report for PA-circuit.kicad_pcb
Created on 2025-05-25T01:28:18-0300

Copper Layer Stackup:
    =============================================================
    L1 :  F.Cu                      front
    L2 :  B.Cu                      back


Drill file 'PA-circuit-PTH.drl' contains
    plated through holes:
    =============================================================
    T1  0.200mm  0.0079"  (9 holes)
    T2  0.400mm  0.0157"  (265 holes)
    T3  1.000mm  0.0394"  (6 holes)
    T4  1.600mm  0.0630"  (2 holes)
    T5  1.702mm  0.0670"  (8 holes)
    T6  3.200mm  0.1260"  (4 holes)

    Total plated holes count 294


Drill file 'PA-circuit-NPTH.drl' contains
    unplated through holes:
    =============================================================

    Total unplated holes count 0
